
 BerkeleyGW version 4.0
 Sigma code, Complex version, run on 21-Mar-2025 at 15:46:52 +0800

                                                                 ..o.          
                                                                .oxxo.         
                                                               .oxxxxo...      
                                                               oxxxxxxo.       
                                                              .oxxxxxxx.       
                                                              .ooooooxxo..     
                                                              .oooooooxo..     
                                                              .oooooxxo...     
                                                       .........oxooo......    
                                                 ............................  
                                             ................................. 
                                          .................................... 
           .          ..oo. ....  .................................oooxxxxxxxo.
     .............oxxxx@ox@@@x@x.....................o...........ooooooooooxx. 
    .o.........oox@x.oo........xxx@@............ooxxxxo..........ooooxxxxxoxo  
    .x........x@xxo...............o@xxo........oxxx@@@xoooooooooooooooxxxo...  
    .o......ox@@o..................oox@o.....ooxxx@xoooxxxxxxxoooooooooooo.... 
    o..ooooo@@xoooo....ooo...........x@o.....ooxxxxo   .oxxxxxxxxxxooooooo.... 
    . .oooo@@@@@@@@@@@@@@@@@@@@@@@@@@@@@@....ooooox.     .oxx@@@@@xxoo........ 
      .ooooxxxxxxxooooooxooooooooooooooxo...oooooxx.        ..ox@xxxoo.........
      .ooooooxxxx@xoooooooooooooxxoooooooooooxxxxx.            .oxxooooooooxxo.
     .oooooxxxxx@@@xxxxxxxxxxxxxxxxxxxxxxxxoxxxxo.                .oxxxxxxxxo. 
   ....oooxxxxx@@@xo..oxxx@@@@@@xxxxoxxoooooooxx.                  .oxxxoo..   
  .....ooxxxx@@xo.       ........    .ooooooooxxo                              
  ..oooxxxx@@@o                       .oooooooxoo.                             
  ....oxooxxxxx.                       .ooo..oooo.                             
  .....o.ooxxxxxo.                     .oooooooxo.                             
 ......ooooxxxxxxo.                     .ooooooxoo..                           
........ooxxxxxxxo..                     .o....oxoo...                         
.......ooooxxxxxxxo.                     ........oooo.                         
.ooooooo..ooxxxxoooo.                    .........ooo...                       
..oxo...ooooxxxoooo..                    .ooo......oooo...                     
  .ooooo....o.                            .oxxxoo....ooo....                   
    .oooooo...                              ...ooooo...ooo..                   
       ...                                     .oo.......                      
                                               ....ooo...                      
                      __              __                                       
 ______              [  |            [  |                 ._____  _          _ 
|_   _ \              | |  _          | |                /  ___ \| |        | |
  | |_) | .---.  _. _.| | / |  .---.  | | .---.  _    _ / /    \_|\ \  /\  / / 
  |  __'./ /__\\[ /`\_| '' <  / /__\\ | |/ /__\\| \  | | |   _____ \ \/  \/ /  
 _| |__| | \__. | |   | |`\ \ | \___. | || \___. \ \/ / \ \.___| |  \  /\  /   
|_______/ \.__./[_]  [__|  \_] \.__./[___]\.__./  \  /   \.____./    \/  \/    
                                                  / /                          
                                                 /_/                           
 --------------------------------------------------------------------------------
 Please cite the main BerkeleyGW paper when using results from this calculation:

 Jack Deslippe, Georgy Samsonidze, David A. Strubbe, Manish Jain, Marvin L.
 Cohen, and Steven G. Louie, "BerkeleyGW: A Massively Parallel Computer Package
 for the Calculation of the Quasiparticle and Optical Properties of Materials
 and Nanostructures," Comput. Phys. Commun. 183, 1269 (2012)

 Aditionally, PLEASE CITE ALL PAPERS REPORTED AT THE END OF THIS CALCULATION.
 --------------------------------------------------------------------------------

 Running MPI version (parallel)
 Running with 8 MPI task(s)
 Using OpenMP. Number of threads per MPI task: 1

 Compilation flags:
 - Compiler: INTEL
 - Para. flags: MPI, OMP
 - Math  flags: USESCALAPACK, UNPACKED, USEFFTW3, HDF5
 - Debug flags: 

 Running with verbosity level 1 (default).

 Using the static COHSEX approximation

 We are communicating via MPI

 Using Collectives (MPI_BCast) Communication Scheme
 
 Computing CH as a partial sum over empty bands

 Running with semiconductor screening

 We are using a truncated Coulomb interaction: spherical
 r_cut =   2.000000 Bohr
 Cutoff for Monte-Carlo average of Coulomb potential: 1.000E-012 Ry

 Reading exchange-correlation matrix elements from vxc.dat file

 Treating W within the Static COHSEX approximation
 
 Memory available: 59043.9 MB per PE
 
 Read from eps0mat.h5:
 - Number of G-vectors in the charge-density grid: 135043
 - Max. number of G-vectors for dielectric matrices: 4337
 - Cutoff of the dielectric matrix (Ry): 2.000
 - Number of imaginary frequencies: 0
 - Total number of frequencies: 1
 - Frequency dependence: 0
 - Number of q-points: 1
 - Q grid: 1 1 1
 
 Reading header of WFN_inner
 Highest occupied band (unshifted grid) = 26
 Valence max    (unshifted grid) = -9.560992 eV
 Conduction min (unshifted grid) = -8.949766 eV
 Middle energy  (unshifted grid) = -9.255379 eV
 Fermi  energy  (unshifted grid) = -9.255379 eV

 
 Calculation parameters:
 - Cutoff of the bare Coulomb interaction (Ry): 5.00
 - Cutoff of the screened Coulomb interaction (Ry): 2.00
 - Number of G-vectors up to the bare int. cutoff: 16879
 - Number of G-vectors up to the screened int. cutoff: 4337
 - Total number of bands in the calculation: 30
 - Number of fully occupied valence bands: 26
 - Number of partially occ. conduction bands: 0
 
 Memory required for execution: 245.0 MB per PE
 Memory required for vcoul: 114.4 MB per PE
 
 Number of electrons per unit cell (from ifmax) = 26.000000
 Number of electrons per unit cell (from occupations) = 26.000000
 Plasma Frequency = .120837 Ry

 Q-grid symmetries are not being used.
 
 Parallelization report:
 - Using 8 processor(s), 2 pool(s), 4 processor(s) per pool.
 - Each pool is computing 15 diagonal sigma matrix element(s).
 - Each pool is computing 0 off-diagonal sigma matrix element(s).
 - Each pool is holding 6 to 8 band(s).
 - Note: distribution is not ideal because the total number of bands
   (30) is not divisible by the number of processors per pool (4).
 
 
 Started reading wavefunctions (WFN_inner) with 30 state(s) at 15:46:52.
 [ 15:46:52 |   0% ] state  1 / 30.
 [ 15:46:52 |   7% ] state  3 / 30, remaining: 0 s.
 [ 15:46:52 |  17% ] state  6 / 30, remaining: 0 s.
 [ 15:46:52 |  27% ] state  9 / 30, remaining: 0 s.
 [ 15:46:52 |  37% ] state 12 / 30, remaining: 0 s.
 [ 15:46:52 |  47% ] state 15 / 30, remaining: 0 s.
 [ 15:46:52 |  57% ] state 18 / 30, remaining: 0 s.
 [ 15:46:52 |  67% ] state 21 / 30, remaining: 0 s.
 [ 15:46:52 |  77% ] state 24 / 30, remaining: 0 s.
 [ 15:46:53 |  87% ] state 27 / 30, remaining: 0 s.
 [ 15:46:53 |  97% ] state 30 / 30, remaining: 0 s.
 Finished reading wavefunctions (WFN_inner) at 15:46:53.
 Elapsed time: 0 s.
 

 Scissors parameters:
 - Valence:    es =   0.0000 eV, e0 =   0.0000 eV, edel =   0.0000
 - Conduction: es =   0.0000 eV, e0 =   0.0000 eV, edel =   0.0000

 Scissors parameters (outer):
 - Valence:    es =   0.0000 eV, e0 =   0.0000 eV, edel =   0.0000
 - Conduction: es =   0.0000 eV, e0 =   0.0000 eV, edel =   0.0000

 Number of bands to compute diagonal self-energy matrix elements: 30
 Bands:
 - 1
 - 2
 - 3
 - 4
 - 5
 - 6
 - 7
 - 8
 - 9
 - 10
 - 11
 - 12
 - 13
 - 14
 - 15
 - 16
 - 17
 - 18
 - 19
 - 20
 - 21
 - 22
 - 23
 - 24
 - 25
 - 26
 - 27
 - 28
 - 29
 - 30
 Number of off-diagonal bands to compute self-energy matrix elements: 0
 
 GPU acceleration is : DISABLED
 
 Algorithms used:
 - mtxel     : CPU_ALGO
 - sigma_gpp : CPU_ALGO

 Total number of frequencies in the dielectric matrix: 1
 Number of imag. frequencies in the dielectric matrix: 0

 
 Started reading eps0mat.h5 with 1 q-point(s) at 15:46:53.
 [ 15:46:53 |   0% ] q-point 1 / 1.
 Finished reading eps0mat.h5 at 15:46:53.
 Elapsed time: 0 s.
 
 Number of k-points in WFN_inner: 1
 Number of k-points in the full BZ of WFN_inner: 1
 
================================================================================
 15:46:53   Dealing with k =  0.000000  0.000000  0.000000                 1 / 1
================================================================================

 Reading vxc.dat
 Number of q-points in the irreducible BZ(k) (nrq): 1
 
 Started calculating Sigma with 15 block(s) at 15:46:53.
 [ 15:46:53 |   0% ] block  1 / 15.
 [ 15:46:58 |   7% ] block  2 / 15.
 [ 15:47:02 |  13% ] block  3 / 15, remaining: 59 s.
 [ 15:47:12 |  27% ] block  5 / 15, remaining: 50 s.
 [ 15:47:16 |  33% ] block  6 / 15, remaining: 46 s.
 [ 15:47:25 |  47% ] block  8 / 15, remaining: 36 s.
 [ 15:47:30 |  53% ] block  9 / 15, remaining: 32 s.
 [ 15:47:39 |  67% ] block 11 / 15, remaining: 23 s.
 [ 15:47:43 |  73% ] block 12 / 15, remaining: 18 s.
 [ 15:47:52 |  87% ] block 14 / 15, remaining: 9 s.
 [ 15:47:57 |  93% ] block 15 / 15, remaining: 5 s.
 Finished calculating Sigma at 15:48:01.
 Elapsed time: 68 s.
 
 Unsymmetrized values for ik =   1 spin = 1
 
     n      Emf       Eo      Vxc        X     SX-X       CH      Cor      Sig
     1 -175.833 -175.833  -19.484  -29.575    1.790   -1.094    0.696  -28.879
     2 -175.833 -175.833  -19.484  -29.575    1.790   -1.094    0.696  -28.879
     3  -74.637  -74.637  -17.894  -22.026    1.890   -1.485    0.405  -21.621
     4  -74.637  -74.637  -17.894  -22.026    1.890   -1.485    0.405  -21.621
     5  -73.124  -73.124  -17.904  -22.467    1.538   -1.184    0.354  -22.114
     6  -73.124  -73.124  -17.904  -22.467    1.538   -1.184    0.354  -22.114
     7  -72.572  -72.572  -17.908  -22.546    1.415   -1.087    0.328  -22.218
     8  -72.572  -72.572  -17.908  -22.546    1.415   -1.087    0.328  -22.218
     9  -25.117  -25.117  -14.107  -18.399    2.403   -1.983    0.420  -17.979
    10  -25.117  -25.117  -14.107  -18.399    2.403   -1.983    0.420  -17.979
    11  -16.715  -16.715  -14.011  -14.515    1.640   -2.064   -0.424  -14.940
    12  -16.715  -16.715  -14.011  -14.515    1.640   -2.064   -0.424  -14.940
    13  -14.013  -14.013  -14.641  -13.385    1.473   -1.656   -0.183  -13.568
    14  -14.013  -14.013  -14.641  -13.385    1.473   -1.656   -0.183  -13.568
    15  -13.978  -13.978  -14.666  -13.406    1.478   -1.654   -0.176  -13.582
    16  -13.978  -13.978  -14.666  -13.406    1.478   -1.654   -0.176  -13.582
    17  -13.414  -13.414  -13.887  -13.830    0.572   -0.933   -0.361  -14.192
    18  -13.414  -13.414  -13.887  -13.830    0.572   -0.933   -0.361  -14.192
    19  -12.505  -12.505  -14.913  -13.466    0.681   -0.991   -0.309  -13.775
    20  -12.505  -12.505  -14.913  -13.466    0.681   -0.991   -0.309  -13.775
    21  -12.366  -12.366  -14.882  -13.452    0.677   -0.988   -0.311  -13.763
    22  -12.366  -12.366  -14.882  -13.452    0.677   -0.988   -0.311  -13.763
    23   -9.838   -9.838  -12.411  -11.347    1.104   -1.594   -0.490  -11.837
    24   -9.838   -9.838  -12.411  -11.347    1.104   -1.594   -0.490  -11.837
    25   -9.561   -9.561  -12.285  -11.210    1.084   -1.571   -0.487  -11.697
    26   -9.561   -9.561  -12.285  -11.210    1.084   -1.571   -0.487  -11.697
    27   -8.950   -8.950  -11.985   -8.398    1.827   -2.081   -0.253   -8.651
    28   -8.950   -8.950  -11.985   -8.398    1.827   -2.081   -0.253   -8.651
    29   -1.480   -1.480   -4.725   -1.850    0.172   -0.432   -0.259   -2.110
    30   -1.480   -1.480   -4.725   -1.850    0.172   -0.432   -0.259   -2.110

 Symmetrized values from band-averaging:

       k =  0.000000  0.000000  0.000000 ik =   1 spin = 1

     n      Emf       Eo      Vxc        X      Cor     Eqp0     Eqp1      Znk
     1 -175.833 -175.833  -19.484  -29.575    0.696 -185.228 -185.228    1.000
     2 -175.833 -175.833  -19.484  -29.575    0.696 -185.228 -185.228    1.000
     3  -74.637  -74.637  -17.894  -22.026    0.405  -78.364  -78.364    1.000
     4  -74.637  -74.637  -17.894  -22.026    0.405  -78.364  -78.364    1.000
     5  -73.124  -73.124  -17.904  -22.467    0.354  -77.334  -77.334    1.000
     6  -73.124  -73.124  -17.904  -22.467    0.354  -77.334  -77.334    1.000
     7  -72.572  -72.572  -17.908  -22.546    0.328  -76.882  -76.882    1.000
     8  -72.572  -72.572  -17.908  -22.546    0.328  -76.882  -76.882    1.000
     9  -25.117  -25.117  -14.107  -18.399    0.420  -28.990  -28.990    1.000
    10  -25.117  -25.117  -14.107  -18.399    0.420  -28.990  -28.990    1.000
    11  -16.715  -16.715  -14.011  -14.515   -0.424  -17.644  -17.644    1.000
    12  -16.715  -16.715  -14.011  -14.515   -0.424  -17.644  -17.644    1.000
    13  -14.013  -14.013  -14.641  -13.385   -0.183  -12.940  -12.940    1.000
    14  -14.013  -14.013  -14.641  -13.385   -0.183  -12.940  -12.940    1.000
    15  -13.978  -13.978  -14.666  -13.406   -0.176  -12.895  -12.895    1.000
    16  -13.978  -13.978  -14.666  -13.406   -0.176  -12.895  -12.895    1.000
    17  -13.414  -13.414  -13.887  -13.830   -0.361  -13.718  -13.718    1.000
    18  -13.414  -13.414  -13.887  -13.830   -0.361  -13.718  -13.718    1.000
    19  -12.505  -12.505  -14.913  -13.466   -0.309  -11.367  -11.367    1.000
    20  -12.505  -12.505  -14.913  -13.466   -0.309  -11.367  -11.367    1.000
    21  -12.366  -12.366  -14.882  -13.452   -0.311  -11.247  -11.247    1.000
    22  -12.366  -12.366  -14.882  -13.452   -0.311  -11.247  -11.247    1.000
    23   -9.838   -9.838  -12.411  -11.347   -0.490   -9.264   -9.264    1.000
    24   -9.838   -9.838  -12.411  -11.347   -0.490   -9.264   -9.264    1.000
    25   -9.561   -9.561  -12.285  -11.210   -0.487   -8.973   -8.973    1.000
    26   -9.561   -9.561  -12.285  -11.210   -0.487   -8.973   -8.973    1.000
    27   -8.950   -8.950  -11.985   -8.398   -0.253   -5.615   -5.615    1.000
    28   -8.950   -8.950  -11.985   -8.398   -0.253   -5.615   -5.615    1.000
    29   -1.480   -1.480   -4.725   -1.850   -0.259    1.135    1.135    1.000
    30   -1.480   -1.480   -4.725   -1.850   -0.259    1.135    1.135    1.000

================================================================================

    n = band index.
  Emf = "inner" mean-field energy eigenvalue used to construct Sigma(E),
        read from WFN_inner.
   Eo = "outer" mean-field energy eigenvalue where we center the evaluation
        frequency grid {E} of Sigma(E). Defaults to Emf, unless
        you use WFN_outer and eqp_outer.dat / scissors_outer.
  Vxc = exchange-correlation pot., calculated from VXC or read from vxc.dat.
  KIH = Kinetic energy + Ionic potential + Hartree, read from kih.dat.
    X = bare exchange.
   SX = screened exchange contrib. to Sigma(E) at energy E=Eo
   CH = Coulomb hole contrib. to Sigma(E) at energy E=Eo
  Cor = SX-X + CH = correlation portion of Sigma(E) at energy E=Eo.
  Sig = X + Cor = self energy, Sigma(E), at energy E=Eo.
 Eqp0 = on-shell QP energy = Emf - Vxc + Sig(Eo)
        Eqp0 is *not* the recommended quantity to use for QP properties.
 Eqp1 = off-shell solution to the linearized  Dyson`s equation
      = Eqp0 + (dSig/dE) / (1 - dSig/dE) * (Eqp0 - Eo),
        or a full linear interpolation if more freq. points where computed.
        Eqp1 is the recommended quantity to use for QP properties.
  Znk = quasiparticle renormalization factor

 General notes:
 - All energies are reported here in eV.
 - Both Emf and Vxc contain the average pot. Vxc0, so Vxc0 doesn`t affect Sigma.
 - Eqp1 and Eqp0 are Eqs. (36-37) from Hybertsen & Louie PRB 34 5390.
 - We recommend you use Eqp1 for QP properties of materials.

================================================================================


********************************************************************************
*                                                                              *
* Your calculation employed methods and algorithms published in peer-reviewed  *
* papers. Please, cite the following references to give proper credit to their *
*          authors and help support future development of BerkeleyGW.          *
*                                                                              *
********************************************************************************

 J. Deslippe, G. Samsonidze, D. A. Strubbe, M. Jain, M. L. Cohen, and S. G.
 Louie, BerkeleyGW: A Massively Parallel Computer Package for the Calculation
 of the Quasiparticle and Optical Properties of Materials and Nanostructures,
 Computer Physics Communications 183, 1269 (2012).

 M. S. Hybertsen and S. G. Louie, Electron Correlation in Semiconductors and
 Insulators: Band Gaps and Quasiparticle Energies, Phys. Rev. B 34, 5390
 (1986).

 M. Del Ben, F. H. da Jornada, A. Canning, N. Wichmann, K. Raman, R. Sasanka,
 C. Yang, S. G. Louie, and J. Deslippe, Large-Scale GW Calculations on Pre-
 Exascale HPC Systems, Computer Physics Communications 235, 187 (2019).

 B. A. Barker, and S. G. Louie, Electronic and Optical Properties of Solids
 with Strong Spin-Orbit Coupling, U. C. Berkeley PhD dissertation (2018).

********************************************************************************

 
 Timing information
 
                                CPU time (s)          WALL time (s)       Number
 Routine                       min        max        min        max     of calls
 -------------------------  ---------  ---------  ---------  ---------  --------
 - Epscopy Comm                  0.10       0.20       0.10       0.20         1
 - Input I/O                     0.03       0.47       0.03       0.46       102
 - Input Comm                    0.04       0.47       0.05       0.50       102
 - FFT Zero                      0.37       0.45       0.37       0.46       330
 - FFT Put                       0.14       0.18       0.14       0.20       330
 - FFT Plan                      0.00       0.00       0.00       0.01       600
 - FFT Exec                      0.89       1.12       0.88       1.13       600
 - FFT Mltply                    0.88       1.13       0.88       1.15       270
 - FFT Conjg                     0.18       0.18       0.18       0.18        60
 - FFT Get                       0.11       0.15       0.11       0.17       270
 - I/O TOTAL                     0.94       1.04       0.97       1.07         6
 - INPUT                         0.61       0.62       0.64       0.65         1
 - EPSCOPY                       0.43       0.52       0.43       0.51         1
 - FULLBZ                        0.00       0.00       0.00       0.00         2
 - VXC                           0.00       0.00       0.00       0.00         2
 - MTXEL_CH                      0.51       0.51       0.51       0.51        15
 - SUBGRP                        0.00       0.00       0.00       0.00         1
 - IRRBZ                         0.00       0.00       0.00       0.00         1
 - GMAP                          0.01       0.01       0.01       0.01         1
 - GENWF                         0.04       0.04       0.03       0.04         1
 - MTXEL                         2.09       2.74       2.09       2.73        15
 - MTXEL_COR TOT                64.69      65.36      64.70      65.38        15
 - VCOUL                         0.00       0.00       0.00       0.00         1
 - EPSREAD                       0.09       0.17       0.11       0.19         1
 - INPUT_OUTER                   0.00       0.00       0.00       0.00         1
 - MTXEL COMM                    0.00       0.00       0.00       0.00         1
 - BARE X                        0.01       0.04       0.01       0.04        16
 - WF COMM                       0.00       0.00       0.00       0.00         1
 - INPUT (READ)                  0.34       0.35       0.35       0.36       101
 - INPUT (WRITE)                 0.00       0.01       0.00       0.01        30
 - SUB-TRANSF TOT                0.00       0.00       0.00       0.00        15
 - M.COR INIT                    0.00       0.00       0.00       0.00        15
 - M.COR EPSINIT                26.53      26.75      26.54      26.75        15
 - M.COR COMM                    0.18       0.88       0.19       0.89        60
 - M.COR SX+CH                  37.71      37.86      37.72      37.87       450
 - READ NEPS                     0.00       0.00       0.00       0.00         1
 - EPSCOPY IO                    0.41       0.51       0.41       0.51         1
 - EQP LOOP TOTAL               68.16      68.20      68.19      68.23         1
 - TOTAL                        69.34      69.35      69.40      69.41         1
 
 Job Done
 
