
 BerkeleyGW version 3.1+git b863069-dirty by ZhenlinZhang <zlzustc@mail.ustc.edu.cn> at 2020-05-15 14:10:38 +0800
 Sigma code, Complex version, run on 15-Mar-2024 at 17:01:48 +0800

                                                                 ..o.          
                                                                .oxxo.         
                                                               .oxxxxo...      
                                                               oxxxxxxo.       
                                                              .oxxxxxxx.       
                                                              .ooooooxxo..     
                                                              .oooooooxo..     
                                                              .oooooxxo...     
                                                       .........oxooo......    
                                                 ............................  
                                             ................................. 
                                          .................................... 
           .          ..oo. ....  .................................oooxxxxxxxo.
     .............oxxxx@ox@@@x@x.....................o...........ooooooooooxx. 
    .o.........oox@x.oo........xxx@@............ooxxxxo..........ooooxxxxxoxo  
    .x........x@xxo...............o@xxo........oxxx@@@xoooooooooooooooxxxo...  
    .o......ox@@o..................oox@o.....ooxxx@xoooxxxxxxxoooooooooooo.... 
    o..ooooo@@xoooo....ooo...........x@o.....ooxxxxo   .oxxxxxxxxxxooooooo.... 
    . .oooo@@@@@@@@@@@@@@@@@@@@@@@@@@@@@@....ooooox.     .oxx@@@@@xxoo........ 
      .ooooxxxxxxxooooooxooooooooooooooxo...oooooxx.        ..ox@xxxoo.........
      .ooooooxxxx@xoooooooooooooxxoooooooooooxxxxx.            .oxxooooooooxxo.
     .oooooxxxxx@@@xxxxxxxxxxxxxxxxxxxxxxxxoxxxxo.                .oxxxxxxxxo. 
   ....oooxxxxx@@@xo..oxxx@@@@@@xxxxoxxoooooooxx.                  .oxxxoo..   
  .....ooxxxx@@xo.       ........    .ooooooooxxo                              
  ..oooxxxx@@@o                       .oooooooxoo.                             
  ....oxooxxxxx.                       .ooo..oooo.                             
  .....o.ooxxxxxo.                     .oooooooxo.                             
 ......ooooxxxxxxo.                     .ooooooxoo..                           
........ooxxxxxxxo..                     .o....oxoo...                         
.......ooooxxxxxxxo.                     ........oooo.                         
.ooooooo..ooxxxxoooo.                    .........ooo...                       
..oxo...ooooxxxoooo..                    .ooo......oooo...                     
  .ooooo....o.                            .oxxxoo....ooo....                   
    .oooooo...                              ...ooooo...ooo..                   
       ...                                     .oo.......                      
                                               ....ooo...                      
                      __              __                                       
 ______              [  |            [  |                 ._____  _          _ 
|_   _ \              | |  _          | |                /  ___ \| |        | |
  | |_) | .---.  _. _.| | / |  .---.  | | .---.  _    _ / /    \_|\ \  /\  / / 
  |  __'./ /__\\[ /`\_| '' <  / /__\\ | |/ /__\\| \  | | |   _____ \ \/  \/ /  
 _| |__| | \__. | |   | |`\ \ | \___. | || \___. \ \/ / \ \.___| |  \  /\  /   
|_______/ \.__./[_]  [__|  \_] \.__./[___]\.__./  \  /   \.____./    \/  \/    
                                                  / /                          
                                                 /_/                           
 --------------------------------------------------------------------------------
 Please cite the main BerkeleyGW paper when using results from this calculation:

 Jack Deslippe, Georgy Samsonidze, David A. Strubbe, Manish Jain, Marvin L.
 Cohen, and Steven G. Louie, "BerkeleyGW: A Massively Parallel Computer Package
 for the Calculation of the Quasiparticle and Optical Properties of Materials
 and Nanostructures," Comput. Phys. Commun. 183, 1269 (2012)

 Aditionally, PLEASE CITE ALL PAPERS REPORTED AT THE END OF THIS CALCULATION.
 --------------------------------------------------------------------------------

 Running MPI version (parallel)
 Running with 8 MPI task(s)
 Using OpenMP. Number of threads per MPI task: 4

 Compilation flags:
 - Compiler: INTEL
 - Para. flags: MPI, OMP
 - Math  flags: USESCALAPACK, UNPACKED, USEFFTW3, HDF5
 - Debug flags: 

 Running with verbosity level 1 (default).

 Using the static COHSEX approximation

 We are communicating via MPI

 Computing CH as a partial sum over empty bands

 Running with semiconductor screening

 We are using a truncated Coulomb interaction: spherical
 r_cut =  10.000000 Bohr
 Cutoff for Monte-Carlo average of Coulomb potential: 1.000E-012 Ry

 Reading exchange-correlation matrix elements from vxc.dat file

 Treating W within the Static COHSEX approximation
 
 Memory available: 13324.6 MB per PE
 
 Read from eps0mat.h5:
 - Number of G-vectors in the charge-density grid: 2949
 - Max. number of G-vectors for dielectric matrices: 341
 - Cutoff of the dielectric matrix (Ry): 10.000
 - Number of imaginary frequencies: 0
 - Total number of frequencies: 1
 - Frequency dependence: 0
 - Number of q-points: 1
 - Q grid: 2 2 2
 
 Read from epsmat.h5:
 - Number of G-vectors in the charge-density grid: 2949
 - Max. number of G-vectors for dielectric matrices: 382
 - Cutoff of the dielectric matrix: 10.000
 - Number of imaginary frequencies: 0
 - Total number of frequencies: 1
 - Frequency dependence: 0
 - Number of q-points: 3
 - Q grid: 2 2 2
 
 Reading header of WFN_inner
WARNING: spherical truncation should not be done with k-sampling in any direction.
 Highest occupied band (unshifted grid) = 26
 Valence max    (unshifted grid) = 2.784279 eV
 Conduction min (unshifted grid) = 4.348782 eV
 Middle energy  (unshifted grid) = 3.566530 eV
 Fermi  energy  (unshifted grid) = 3.566530 eV

 
 Calculation parameters:
 - Cutoff of the bare Coulomb interaction (Ry): 10.00
 - Cutoff of the screened Coulomb interaction (Ry): 10.00
 - Number of G-vectors up to the bare int. cutoff: 341
 - Number of G-vectors up to the screened int. cutoff: 341
 - Total number of bands in the calculation: 29
 - Number of fully occupied valence bands: 26
 - Number of partially occ. conduction bands: 0
 
 Memory required for execution: 3.9 MB per PE
 Memory required for vcoul: 114.4 MB per PE
 
WARNING: Selected number of bands for CH sum (number_bands) breaks degenerate subspace. Run degeneracy_check.x for allowable numbers.
 
 Number of electrons per unit cell (from ifmax) = 26.000000
 Number of electrons per unit cell (from occupations) = 26.000000
 Plasma Frequency = 1.364240 Ry

 Q-grid symmetries are not being used.
 
 Parallelization report:
 - Using 8 processor(s), 2 pool(s), 4 processor(s) per pool.
 - Each pool is computing 14 to 15 diagonal sigma matrix element(s).
 - Note: distribution is not ideal because the number of diagonal sigma
   matrix elements (29) is not divisible by the number of pools (2).
 - Each pool is computing 0 off-diagonal sigma matrix element(s).
 - Each pool is holding 5 to 8 band(s).
 - Note: distribution is not ideal because the total number of bands
   (29) is not divisible by the number of processors per pool (4).
 
 
 Started reading wavefunctions (WFN_inner) with 116 state(s) at 17:01:48.
 [ 17:01:48 |   0% ] state   1 / 116.
 [ 17:01:48 |   2% ] state   3 / 116, remaining: 0 s.
 [ 17:01:48 |   9% ] state  12 / 116, remaining: 0 s.
 [ 17:01:48 |  20% ] state  24 / 116, remaining: 0 s.
 [ 17:01:48 |  29% ] state  35 / 116, remaining: 0 s.
 [ 17:01:48 |  40% ] state  47 / 116, remaining: 0 s.
 [ 17:01:48 |  49% ] state  58 / 116, remaining: 0 s.
 [ 17:01:48 |  59% ] state  70 / 116, remaining: 0 s.
 [ 17:01:48 |  70% ] state  82 / 116, remaining: 0 s.
 [ 17:01:48 |  79% ] state  93 / 116, remaining: 0 s.
 [ 17:01:48 |  90% ] state 105 / 116, remaining: 0 s.
 [ 17:01:48 |  99% ] state 116 / 116, remaining: 0 s.
 Finished reading wavefunctions (WFN_inner) at 17:01:48.
 Elapsed time: 0 s.
 

 Scissors parameters:
 - Valence:    es =   0.0000 eV, e0 =   0.0000 eV, edel =   0.0000
 - Conduction: es =   0.0000 eV, e0 =   0.0000 eV, edel =   0.0000

 Scissors parameters (outer):
 - Valence:    es =   0.0000 eV, e0 =   0.0000 eV, edel =   0.0000
 - Conduction: es =   0.0000 eV, e0 =   0.0000 eV, edel =   0.0000

 Number of bands to compute diagonal self-energy matrix elements: 29
 Bands:
 - 1
 - 2
 - 3
 - 4
 - 5
 - 6
 - 7
 - 8
 - 9
 - 10
 - 11
 - 12
 - 13
 - 14
 - 15
 - 16
 - 17
 - 18
 - 19
 - 20
 - 21
 - 22
 - 23
 - 24
 - 25
 - 26
 - 27
 - 28
 - 29
 Number of off-diagonal bands to compute self-energy matrix elements: 0
 
 GPU acceleration is : DISABLED
 
 Algorithms used:
 - mtxel     : CPU_ALGO
 - sigma_gpp : CPU_ALGO

 Total number of frequencies in the dielectric matrix: 1
 Number of imag. frequencies in the dielectric matrix: 0

 
 Started reading eps0mat.h5 with 1 q-point(s) at 17:01:48.
 [ 17:01:48 |   0% ] q-point 1 / 1.
 Finished reading eps0mat.h5 at 17:01:48.
 Elapsed time: 0 s.
 
 
 Started reading epsmat.h5 with 3 q-point(s) at 17:01:48.
 [ 17:01:48 |   0% ] q-point 1 / 3.
 [ 17:01:48 |  33% ] q-point 2 / 3.
 [ 17:01:48 |  67% ] q-point 3 / 3, remaining: 0 s.
 Finished reading epsmat.h5 at 17:01:48.
 Elapsed time: 0 s.
 
 Number of k-points in WFN_inner: 4
 Number of k-points in the full BZ of WFN_inner: 8
 
================================================================================
 17:01:48   Dealing with k =  0.000000  0.000000  0.000000                 1 / 4
================================================================================

 Reading vxc.dat
 Number of q-points in the irreducible BZ(k) (nrq): 8
 
 Started calculating Sigma with 120 block(s) at 17:01:48.
 [ 17:01:48 |   0% ] block   1 / 120.
 [ 17:01:48 |   2% ] block   3 / 120, remaining: 2 s.
 [ 17:01:49 |   9% ] block  12 / 120, remaining: 2 s.
 [ 17:01:49 |  19% ] block  24 / 120, remaining: 2 s.
 [ 17:01:49 |  29% ] block  36 / 120, remaining: 2 s.
 [ 17:01:49 |  39% ] block  48 / 120, remaining: 2 s.
 [ 17:01:50 |  49% ] block  60 / 120, remaining: 1 s.
 [ 17:01:50 |  59% ] block  72 / 120, remaining: 1 s.
 [ 17:01:50 |  69% ] block  84 / 120, remaining: 1 s.
 [ 17:01:50 |  79% ] block  96 / 120, remaining: 1 s.
 [ 17:01:51 |  89% ] block 108 / 120, remaining: 0 s.
 [ 17:01:51 |  99% ] block 120 / 120, remaining: 0 s.
 Finished calculating Sigma at 17:01:51.
 Elapsed time: 3 s.
 
 Unsymmetrized values for ik =   1 spin = 1
 
     n      Emf       Eo      Vxc        X     SX-X       CH      Cor      Sig
     1  -73.102  -73.102  -23.060  -37.128    6.840   -3.978    2.862  -34.266
     2  -73.102  -73.102  -23.060  -37.128    6.840   -3.978    2.862  -34.266
     3  -37.205  -37.205  -20.907  -28.391    5.250   -3.540    1.711  -26.681
     4  -37.205  -37.205  -20.907  -28.391    5.250   -3.540    1.711  -26.681
     5  -35.559  -35.559  -20.640  -28.326    6.236   -4.210    2.026  -26.301
     6  -35.559  -35.559  -20.640  -28.326    6.236   -4.210    2.026  -26.301
     7  -35.559  -35.559  -20.640  -28.326    6.221   -4.201    2.020  -26.306
     8  -35.559  -35.559  -20.640  -28.326    6.221   -4.201    2.020  -26.306
     9  -11.527  -11.527  -13.240  -21.173    3.090   -2.129    0.962  -20.211
    10  -11.527  -11.527  -13.240  -21.173    3.090   -2.129    0.962  -20.211
    11   -9.355   -9.355  -13.332  -20.933    3.234   -2.162    1.071  -19.861
    12   -9.355   -9.355  -13.332  -20.933    3.234   -2.162    1.071  -19.861
    13   -3.644   -3.644  -12.461  -18.227    2.975   -2.364    0.610  -17.616
    14   -3.644   -3.644  -12.461  -18.227    2.975   -2.364    0.610  -17.616
    15   -0.117   -0.117  -14.337  -18.409    2.422   -2.796   -0.374  -18.783
    16   -0.117   -0.117  -14.337  -18.409    2.422   -2.796   -0.374  -18.783
    17   -0.117   -0.117  -14.337  -18.409    2.422   -2.803   -0.380  -18.790
    18   -0.117   -0.117  -14.337  -18.409    2.422   -2.803   -0.380  -18.790
    19    0.510    0.510  -12.460  -17.611    2.515   -2.023    0.492  -17.119
    20    0.510    0.510  -12.460  -17.611    2.515   -2.023    0.492  -17.119
    21    0.693    0.693  -15.158  -18.832    2.135   -2.617   -0.482  -19.314
    22    0.693    0.693  -15.158  -18.832    2.135   -2.617   -0.482  -19.314
    23    0.693    0.693  -15.158  -18.832    2.133   -2.609   -0.476  -19.308
    24    0.693    0.693  -15.158  -18.832    2.133   -2.609   -0.476  -19.308
    25    2.784    2.784  -13.670  -17.207    2.240   -2.602   -0.362  -17.569
    26    2.784    2.784  -13.670  -17.207    2.240   -2.602   -0.362  -17.569
    27    5.519    5.519  -14.623   -7.646    1.545   -2.684   -1.139   -8.785
    28    5.519    5.519  -14.623   -7.646    1.545   -2.684   -1.139   -8.785
    29    5.519    5.519  -14.623   -7.646    1.563   -2.697   -1.134   -8.780

 Symmetrized values from band-averaging:

       k =  0.000000  0.000000  0.000000 ik =   1 spin = 1

     n      Emf       Eo      Vxc        X      Cor     Eqp0     Eqp1      Znk
     1  -73.102  -73.102  -23.060  -37.128    2.862  -84.308  -84.308    1.000
     2  -73.102  -73.102  -23.060  -37.128    2.862  -84.308  -84.308    1.000
     3  -37.205  -37.205  -20.907  -28.391    1.711  -42.978  -42.978    1.000
     4  -37.205  -37.205  -20.907  -28.391    1.711  -42.978  -42.978    1.000
     5  -35.559  -35.559  -20.640  -28.326    2.023  -41.222  -41.222    1.000
     6  -35.559  -35.559  -20.640  -28.326    2.023  -41.222  -41.222    1.000
     7  -35.559  -35.559  -20.640  -28.326    2.023  -41.222  -41.222    1.000
     8  -35.559  -35.559  -20.640  -28.326    2.023  -41.222  -41.222    1.000
     9  -11.527  -11.527  -13.240  -21.173    0.962  -18.498  -18.498    1.000
    10  -11.527  -11.527  -13.240  -21.173    0.962  -18.498  -18.498    1.000
    11   -9.355   -9.355  -13.332  -20.933    1.071  -15.884  -15.884    1.000
    12   -9.355   -9.355  -13.332  -20.933    1.071  -15.884  -15.884    1.000
    13   -3.644   -3.644  -12.461  -18.227    0.610   -8.799   -8.799    1.000
    14   -3.644   -3.644  -12.461  -18.227    0.610   -8.799   -8.799    1.000
    15   -0.117   -0.117  -14.337  -18.409   -0.377   -4.566   -4.566    1.000
    16   -0.117   -0.117  -14.337  -18.409   -0.377   -4.566   -4.566    1.000
    17   -0.117   -0.117  -14.337  -18.409   -0.377   -4.566   -4.566    1.000
    18   -0.117   -0.117  -14.337  -18.409   -0.377   -4.566   -4.566    1.000
    19    0.510    0.510  -12.460  -17.611    0.492   -4.149   -4.149    1.000
    20    0.510    0.510  -12.460  -17.611    0.492   -4.149   -4.149    1.000
    21    0.693    0.693  -15.158  -18.832   -0.479   -3.460   -3.460    1.000
    22    0.693    0.693  -15.158  -18.832   -0.479   -3.460   -3.460    1.000
    23    0.693    0.693  -15.158  -18.832   -0.479   -3.460   -3.460    1.000
    24    0.693    0.693  -15.158  -18.832   -0.479   -3.460   -3.460    1.000
    25    2.784    2.784  -13.670  -17.207   -0.362   -1.115   -1.115    1.000
    26    2.784    2.784  -13.670  -17.207   -0.362   -1.115   -1.115    1.000
    27    5.519    5.519  -14.623   -7.646   -1.137   11.358   11.358    1.000
    28    5.519    5.519  -14.623   -7.646   -1.137   11.358   11.358    1.000
    29    5.519    5.519  -14.623   -7.646   -1.137   11.358   11.358    1.000
 
================================================================================
 17:01:51   Dealing with k =  0.000000  0.000000  0.500000                 2 / 4
================================================================================

 Reading vxc.dat
 Number of q-points in the irreducible BZ(k) (nrq): 8
 
 Started calculating Sigma with 120 block(s) at 17:01:51.
 [ 17:01:51 |   0% ] block   1 / 120.
 [ 17:01:51 |   2% ] block   3 / 120, remaining: 2 s.
 [ 17:01:51 |   9% ] block  12 / 120, remaining: 2 s.
 [ 17:01:52 |  19% ] block  24 / 120, remaining: 2 s.
 [ 17:01:52 |  29% ] block  36 / 120, remaining: 2 s.
 [ 17:01:52 |  39% ] block  48 / 120, remaining: 2 s.
 [ 17:01:52 |  49% ] block  60 / 120, remaining: 1 s.
 [ 17:01:53 |  59% ] block  72 / 120, remaining: 1 s.
 [ 17:01:53 |  69% ] block  84 / 120, remaining: 1 s.
 [ 17:01:53 |  79% ] block  96 / 120, remaining: 1 s.
 [ 17:01:54 |  89% ] block 108 / 120, remaining: 0 s.
 [ 17:01:54 |  99% ] block 120 / 120, remaining: 0 s.
 Finished calculating Sigma at 17:01:54.
 Elapsed time: 3 s.
 
 Unsymmetrized values for ik =   2 spin = 1
 
     n      Emf       Eo      Vxc        X     SX-X       CH      Cor      Sig
     1  -73.110  -73.110  -23.061  -37.125    6.841   -3.979    2.862  -34.263
     2  -73.110  -73.110  -23.061  -37.125    6.841   -3.979    2.862  -34.263
     3  -37.629  -37.629  -20.998  -28.452    5.263   -3.554    1.709  -26.743
     4  -37.629  -37.629  -20.998  -28.452    5.263   -3.554    1.709  -26.743
     5  -35.537  -35.537  -20.637  -28.321    6.237   -4.213    2.024  -26.297
     6  -35.537  -35.537  -20.637  -28.321    6.237   -4.213    2.024  -26.297
     7  -35.537  -35.537  -20.637  -28.321    6.222   -4.204    2.018  -26.303
     8  -35.537  -35.537  -20.637  -28.321    6.222   -4.204    2.018  -26.303
     9  -11.552  -11.552  -13.256  -21.182    3.087   -2.128    0.959  -20.223
    10  -11.552  -11.552  -13.256  -21.182    3.087   -2.128    0.959  -20.223
    11   -9.440   -9.440  -13.349  -20.952    3.228   -2.160    1.068  -19.884
    12   -9.440   -9.440  -13.349  -20.952    3.228   -2.160    1.068  -19.884
    13   -3.676   -3.676  -12.500  -18.248    2.971   -2.371    0.600  -17.648
    14   -3.676   -3.676  -12.500  -18.248    2.971   -2.371    0.600  -17.648
    15   -0.122   -0.122  -14.333  -18.416    2.423   -2.790   -0.367  -18.783
    16   -0.122   -0.122  -14.333  -18.416    2.423   -2.790   -0.367  -18.783
    17   -0.122   -0.122  -14.333  -18.416    2.423   -2.797   -0.374  -18.790
    18   -0.122   -0.122  -14.333  -18.416    2.423   -2.797   -0.374  -18.790
    19    0.456    0.456  -12.445  -17.612    2.528   -2.027    0.501  -17.112
    20    0.456    0.456  -12.445  -17.612    2.528   -2.027    0.501  -17.112
    21    0.651    0.651  -15.204  -18.858    2.140   -2.630   -0.490  -19.348
    22    0.651    0.651  -15.204  -18.858    2.140   -2.630   -0.490  -19.348
    23    0.651    0.651  -15.204  -18.858    2.138   -2.623   -0.484  -19.342
    24    0.651    0.651  -15.204  -18.858    2.138   -2.623   -0.484  -19.342
    25    2.680    2.680  -13.768  -17.297    2.272   -2.616   -0.344  -17.641
    26    2.680    2.680  -13.768  -17.297    2.272   -2.616   -0.344  -17.641
    27    5.436    5.436  -14.637   -7.670    1.554   -2.691   -1.137   -8.806
    28    5.436    5.436  -14.637   -7.670    1.554   -2.691   -1.137   -8.806
    29    5.436    5.436  -14.637   -7.670    1.573   -2.704   -1.131   -8.801

 Symmetrized values from band-averaging:

       k =  0.000000  0.000000  0.500000 ik =   2 spin = 1

     n      Emf       Eo      Vxc        X      Cor     Eqp0     Eqp1      Znk
     1  -73.110  -73.110  -23.061  -37.125    2.862  -84.312  -84.312    1.000
     2  -73.110  -73.110  -23.061  -37.125    2.862  -84.312  -84.312    1.000
     3  -37.629  -37.629  -20.998  -28.452    1.709  -43.375  -43.375    1.000
     4  -37.629  -37.629  -20.998  -28.452    1.709  -43.375  -43.375    1.000
     5  -35.537  -35.537  -20.637  -28.321    2.021  -41.199  -41.199    1.000
     6  -35.537  -35.537  -20.637  -28.321    2.021  -41.199  -41.199    1.000
     7  -35.537  -35.537  -20.637  -28.321    2.021  -41.199  -41.199    1.000
     8  -35.537  -35.537  -20.637  -28.321    2.021  -41.199  -41.199    1.000
     9  -11.552  -11.552  -13.256  -21.182    0.959  -18.520  -18.520    1.000
    10  -11.552  -11.552  -13.256  -21.182    0.959  -18.520  -18.520    1.000
    11   -9.440   -9.440  -13.349  -20.952    1.068  -15.976  -15.976    1.000
    12   -9.440   -9.440  -13.349  -20.952    1.068  -15.976  -15.976    1.000
    13   -3.676   -3.676  -12.500  -18.248    0.600   -8.824   -8.824    1.000
    14   -3.676   -3.676  -12.500  -18.248    0.600   -8.824   -8.824    1.000
    15   -0.122   -0.122  -14.333  -18.416   -0.371   -4.575   -4.575    1.000
    16   -0.122   -0.122  -14.333  -18.416   -0.371   -4.575   -4.575    1.000
    17   -0.122   -0.122  -14.333  -18.416   -0.371   -4.575   -4.575    1.000
    18   -0.122   -0.122  -14.333  -18.416   -0.371   -4.575   -4.575    1.000
    19    0.456    0.456  -12.445  -17.612    0.501   -4.210   -4.210    1.000
    20    0.456    0.456  -12.445  -17.612    0.501   -4.210   -4.210    1.000
    21    0.651    0.651  -15.204  -18.858   -0.487   -3.490   -3.490    1.000
    22    0.651    0.651  -15.204  -18.858   -0.487   -3.490   -3.490    1.000
    23    0.651    0.651  -15.204  -18.858   -0.487   -3.490   -3.490    1.000
    24    0.651    0.651  -15.204  -18.858   -0.487   -3.490   -3.490    1.000
    25    2.680    2.680  -13.768  -17.297   -0.344   -1.193   -1.193    1.000
    26    2.680    2.680  -13.768  -17.297   -0.344   -1.193   -1.193    1.000
    27    5.436    5.436  -14.637   -7.670   -1.135   11.268   11.268    1.000
    28    5.436    5.436  -14.637   -7.670   -1.135   11.268   11.268    1.000
    29    5.436    5.436  -14.637   -7.670   -1.135   11.268   11.268    1.000
 
================================================================================
 17:01:54   Dealing with k =  0.000000  0.500000  0.000000                 3 / 4
================================================================================

 Reading vxc.dat
 Number of q-points in the irreducible BZ(k) (nrq): 8
 
 Started calculating Sigma with 120 block(s) at 17:01:54.
 [ 17:01:54 |   0% ] block   1 / 120.
 [ 17:01:54 |   2% ] block   3 / 120, remaining: 3 s.
 [ 17:01:54 |   9% ] block  12 / 120, remaining: 3 s.
 [ 17:01:55 |  19% ] block  24 / 120, remaining: 2 s.
 [ 17:01:55 |  29% ] block  36 / 120, remaining: 2 s.
 [ 17:01:55 |  39% ] block  48 / 120, remaining: 2 s.
 [ 17:01:55 |  49% ] block  60 / 120, remaining: 1 s.
 [ 17:01:56 |  59% ] block  72 / 120, remaining: 1 s.
 [ 17:01:56 |  69% ] block  84 / 120, remaining: 1 s.
 [ 17:01:56 |  79% ] block  96 / 120, remaining: 1 s.
 [ 17:01:56 |  89% ] block 108 / 120, remaining: 0 s.
 [ 17:01:57 |  99% ] block 120 / 120, remaining: 0 s.
 Finished calculating Sigma at 17:01:57.
 Elapsed time: 3 s.
 
 Unsymmetrized values for ik =   3 spin = 1
 
     n      Emf       Eo      Vxc        X     SX-X       CH      Cor      Sig
     1  -73.181  -73.181  -23.089  -37.092    6.842   -3.968    2.874  -34.219
     2  -73.181  -73.181  -23.089  -37.092    6.842   -3.968    2.874  -34.219
     3  -38.761  -38.761  -20.976  -28.748    6.223   -4.143    2.080  -26.668
     4  -38.761  -38.761  -20.976  -28.748    6.223   -4.143    2.080  -26.668
     5  -37.095  -37.095  -20.942  -28.353    5.221   -3.546    1.675  -26.678
     6  -37.095  -37.095  -20.942  -28.353    5.221   -3.546    1.675  -26.678
     7  -36.882  -36.882  -20.818  -28.479    6.236   -4.193    2.043  -26.436
     8  -36.882  -36.882  -20.818  -28.479    6.236   -4.193    2.043  -26.436
     9   -9.096   -9.096  -14.024  -21.320    3.103   -2.202    0.901  -20.419
    10   -9.096   -9.096  -14.024  -21.320    3.103   -2.202    0.901  -20.419
    11   -8.984   -8.984  -14.116  -21.332    3.125   -2.225    0.901  -20.431
    12   -8.984   -8.984  -14.116  -21.332    3.125   -2.225    0.901  -20.431
    13   -4.036   -4.036  -12.611  -18.402    2.820   -2.231    0.590  -17.812
    14   -4.036   -4.036  -12.611  -18.402    2.820   -2.231    0.590  -17.812
    15   -2.556   -2.556  -12.729  -18.067    2.636   -2.223    0.413  -17.654
    16   -2.556   -2.556  -12.729  -18.067    2.636   -2.223    0.413  -17.654
    17   -1.812   -1.812  -13.402  -18.227    2.710   -2.477    0.232  -17.995
    18   -1.812   -1.812  -13.402  -18.227    2.710   -2.477    0.232  -17.995
    19   -1.219   -1.219  -14.622  -19.278    2.659   -2.538    0.121  -19.157
    20   -1.219   -1.219  -14.622  -19.278    2.659   -2.538    0.121  -19.157
    21    0.383    0.383  -13.435  -18.174    2.700   -2.291    0.410  -17.764
    22    0.383    0.383  -13.435  -18.174    2.700   -2.291    0.410  -17.764
    23    1.197    1.197  -14.066  -18.088    2.273   -2.400   -0.127  -18.215
    24    1.197    1.197  -14.066  -18.088    2.273   -2.400   -0.127  -18.215
    25    1.679    1.679  -13.211  -17.309    2.276   -2.511   -0.235  -17.544
    26    1.679    1.679  -13.211  -17.309    2.276   -2.511   -0.235  -17.544
    27    4.349    4.349  -16.443   -7.784    1.642   -3.683   -2.041   -9.825
    28    4.349    4.349  -16.443   -7.784    1.642   -3.683   -2.041   -9.825
    29    5.000    5.000  -16.418   -7.935    1.612   -3.434   -1.823   -9.758

 Symmetrized values from band-averaging:

       k =  0.000000  0.500000  0.000000 ik =   3 spin = 1

     n      Emf       Eo      Vxc        X      Cor     Eqp0     Eqp1      Znk
     1  -73.181  -73.181  -23.089  -37.092    2.874  -84.311  -84.311    1.000
     2  -73.181  -73.181  -23.089  -37.092    2.874  -84.311  -84.311    1.000
     3  -38.761  -38.761  -20.976  -28.748    2.080  -44.453  -44.453    1.000
     4  -38.761  -38.761  -20.976  -28.748    2.080  -44.453  -44.453    1.000
     5  -37.095  -37.095  -20.942  -28.353    1.675  -42.830  -42.830    1.000
     6  -37.095  -37.095  -20.942  -28.353    1.675  -42.830  -42.830    1.000
     7  -36.882  -36.882  -20.818  -28.479    2.043  -42.499  -42.499    1.000
     8  -36.882  -36.882  -20.818  -28.479    2.043  -42.499  -42.499    1.000
     9   -9.096   -9.096  -14.024  -21.320    0.901  -15.491  -15.491    1.000
    10   -9.096   -9.096  -14.024  -21.320    0.901  -15.491  -15.491    1.000
    11   -8.984   -8.984  -14.116  -21.332    0.901  -15.299  -15.299    1.000
    12   -8.984   -8.984  -14.116  -21.332    0.901  -15.299  -15.299    1.000
    13   -4.036   -4.036  -12.611  -18.402    0.590   -9.238   -9.238    1.000
    14   -4.036   -4.036  -12.611  -18.402    0.590   -9.238   -9.238    1.000
    15   -2.556   -2.556  -12.729  -18.067    0.413   -7.481   -7.481    1.000
    16   -2.556   -2.556  -12.729  -18.067    0.413   -7.481   -7.481    1.000
    17   -1.812   -1.812  -13.402  -18.227    0.232   -6.405   -6.405    1.000
    18   -1.812   -1.812  -13.402  -18.227    0.232   -6.405   -6.405    1.000
    19   -1.219   -1.219  -14.622  -19.278    0.121   -5.754   -5.754    1.000
    20   -1.219   -1.219  -14.622  -19.278    0.121   -5.754   -5.754    1.000
    21    0.383    0.383  -13.435  -18.174    0.410   -3.946   -3.946    1.000
    22    0.383    0.383  -13.435  -18.174    0.410   -3.946   -3.946    1.000
    23    1.197    1.197  -14.066  -18.088   -0.127   -2.953   -2.953    1.000
    24    1.197    1.197  -14.066  -18.088   -0.127   -2.953   -2.953    1.000
    25    1.679    1.679  -13.211  -17.309   -0.235   -2.655   -2.655    1.000
    26    1.679    1.679  -13.211  -17.309   -0.235   -2.655   -2.655    1.000
    27    4.349    4.349  -16.443   -7.784   -2.041   10.966   10.966    1.000
    28    4.349    4.349  -16.443   -7.784   -2.041   10.966   10.966    1.000
    29    5.000    5.000  -16.418   -7.935   -1.823   11.660   11.660    1.000
 
================================================================================
 17:01:57   Dealing with k =  0.000000  0.500000  0.500000                 4 / 4
================================================================================

 Reading vxc.dat
 Number of q-points in the irreducible BZ(k) (nrq): 8
 
 Started calculating Sigma with 120 block(s) at 17:01:57.
 [ 17:01:57 |   0% ] block   1 / 120.
 [ 17:01:57 |   2% ] block   3 / 120, remaining: 2 s.
 [ 17:01:57 |   9% ] block  12 / 120, remaining: 2 s.
 [ 17:01:58 |  19% ] block  24 / 120, remaining: 2 s.
 [ 17:01:58 |  29% ] block  36 / 120, remaining: 2 s.
 [ 17:01:58 |  39% ] block  48 / 120, remaining: 2 s.
 [ 17:01:59 |  49% ] block  60 / 120, remaining: 1 s.
 [ 17:01:59 |  59% ] block  72 / 120, remaining: 1 s.
 [ 17:01:59 |  69% ] block  84 / 120, remaining: 1 s.
 [ 17:02:00 |  79% ] block  96 / 120, remaining: 1 s.
 [ 17:02:00 |  89% ] block 108 / 120, remaining: 0 s.
 [ 17:02:00 |  99% ] block 120 / 120, remaining: 0 s.
 Finished calculating Sigma at 17:02:00.
 Elapsed time: 3 s.
 
 Unsymmetrized values for ik =   4 spin = 1
 
     n      Emf       Eo      Vxc        X     SX-X       CH      Cor      Sig
     1  -73.144  -73.144  -23.081  -37.093    6.845   -3.970    2.875  -34.219
     2  -73.144  -73.144  -23.081  -37.093    6.845   -3.970    2.875  -34.219
     3  -38.116  -38.116  -20.834  -28.650    6.206   -4.132    2.074  -26.577
     4  -38.116  -38.116  -20.834  -28.650    6.206   -4.132    2.074  -26.577
     5  -36.814  -36.814  -20.885  -28.311    5.216   -3.546    1.669  -26.641
     6  -36.814  -36.814  -20.885  -28.311    5.216   -3.546    1.669  -26.641
     7  -36.722  -36.722  -20.780  -28.453    6.228   -4.185    2.043  -26.410
     8  -36.722  -36.722  -20.780  -28.453    6.228   -4.185    2.043  -26.410
     9   -8.993   -8.993  -14.009  -21.302    3.102   -2.199    0.903  -20.399
    10   -8.993   -8.993  -14.009  -21.302    3.102   -2.199    0.903  -20.399
    11   -8.906   -8.906  -14.082  -21.321    3.128   -2.218    0.909  -20.411
    12   -8.906   -8.906  -14.082  -21.321    3.128   -2.218    0.909  -20.411
    13   -4.004   -4.004  -12.605  -18.410    2.829   -2.230    0.599  -17.811
    14   -4.004   -4.004  -12.605  -18.410    2.829   -2.230    0.599  -17.811
    15   -2.515   -2.515  -12.693  -18.042    2.634   -2.217    0.417  -17.625
    16   -2.515   -2.515  -12.693  -18.042    2.634   -2.217    0.417  -17.625
    17   -1.877   -1.877  -13.451  -18.236    2.698   -2.488    0.209  -18.027
    18   -1.877   -1.877  -13.451  -18.236    2.698   -2.488    0.209  -18.027
    19   -1.131   -1.131  -14.534  -19.248    2.669   -2.522    0.147  -19.101
    20   -1.131   -1.131  -14.534  -19.248    2.669   -2.522    0.147  -19.101
    21    0.440    0.440  -13.402  -18.165    2.694   -2.275    0.419  -17.746
    22    0.440    0.440  -13.402  -18.165    2.694   -2.275    0.419  -17.746
    23    1.266    1.266  -13.993  -18.045    2.269   -2.376   -0.107  -18.151
    24    1.266    1.266  -13.993  -18.045    2.269   -2.376   -0.107  -18.151
    25    1.732    1.732  -13.223  -17.324    2.285   -2.500   -0.215  -17.539
    26    1.732    1.732  -13.223  -17.324    2.285   -2.500   -0.215  -17.539
    27    4.749    4.749  -16.362   -7.723    1.631   -3.679   -2.048   -9.771
    28    4.749    4.749  -16.362   -7.723    1.631   -3.679   -2.048   -9.771
    29    5.217    5.217  -16.234   -7.876    1.613   -3.386   -1.773   -9.649

 Symmetrized values from band-averaging:

       k =  0.000000  0.500000  0.500000 ik =   4 spin = 1

     n      Emf       Eo      Vxc        X      Cor     Eqp0     Eqp1      Znk
     1  -73.144  -73.144  -23.081  -37.093    2.875  -84.282  -84.282    1.000
     2  -73.144  -73.144  -23.081  -37.093    2.875  -84.282  -84.282    1.000
     3  -38.116  -38.116  -20.834  -28.650    2.074  -43.859  -43.859    1.000
     4  -38.116  -38.116  -20.834  -28.650    2.074  -43.859  -43.859    1.000
     5  -36.814  -36.814  -20.885  -28.311    1.669  -42.570  -42.570    1.000
     6  -36.814  -36.814  -20.885  -28.311    1.669  -42.570  -42.570    1.000
     7  -36.722  -36.722  -20.780  -28.453    2.043  -42.352  -42.352    1.000
     8  -36.722  -36.722  -20.780  -28.453    2.043  -42.352  -42.352    1.000
     9   -8.993   -8.993  -14.009  -21.302    0.903  -15.382  -15.382    1.000
    10   -8.993   -8.993  -14.009  -21.302    0.903  -15.382  -15.382    1.000
    11   -8.906   -8.906  -14.082  -21.321    0.909  -15.236  -15.236    1.000
    12   -8.906   -8.906  -14.082  -21.321    0.909  -15.236  -15.236    1.000
    13   -4.004   -4.004  -12.605  -18.410    0.599   -9.211   -9.211    1.000
    14   -4.004   -4.004  -12.605  -18.410    0.599   -9.211   -9.211    1.000
    15   -2.515   -2.515  -12.693  -18.042    0.417   -7.448   -7.448    1.000
    16   -2.515   -2.515  -12.693  -18.042    0.417   -7.448   -7.448    1.000
    17   -1.877   -1.877  -13.451  -18.236    0.209   -6.454   -6.454    1.000
    18   -1.877   -1.877  -13.451  -18.236    0.209   -6.454   -6.454    1.000
    19   -1.131   -1.131  -14.534  -19.248    0.147   -5.698   -5.698    1.000
    20   -1.131   -1.131  -14.534  -19.248    0.147   -5.698   -5.698    1.000
    21    0.440    0.440  -13.402  -18.165    0.419   -3.905   -3.905    1.000
    22    0.440    0.440  -13.402  -18.165    0.419   -3.905   -3.905    1.000
    23    1.266    1.266  -13.993  -18.045   -0.107   -2.892   -2.892    1.000
    24    1.266    1.266  -13.993  -18.045   -0.107   -2.892   -2.892    1.000
    25    1.732    1.732  -13.223  -17.324   -0.215   -2.584   -2.584    1.000
    26    1.732    1.732  -13.223  -17.324   -0.215   -2.584   -2.584    1.000
    27    4.749    4.749  -16.362   -7.723   -2.048   11.340   11.340    1.000
    28    4.749    4.749  -16.362   -7.723   -2.048   11.340   11.340    1.000
    29    5.217    5.217  -16.234   -7.876   -1.773   11.802   11.802    1.000

================================================================================

    n = band index.
  Emf = "inner" mean-field energy eigenvalue used to construct Sigma(E),
        read from WFN_inner.
   Eo = "outer" mean-field energy eigenvalue where we center the evaluation
        frequency grid {E} of Sigma(E). Defaults to Emf, unless
        you use WFN_outer and eqp_outer.dat / scissors_outer.
  Vxc = exchange-correlation pot., calculated from VXC or read from vxc.dat.
  KIH = Kinetic energy + Ionic potential + Hartree, read from kih.dat.
    X = bare exchange.
   SX = screened exchange contrib. to Sigma(E) at energy E=Eo
   CH = Coulomb hole contrib. to Sigma(E) at energy E=Eo
  Cor = SX-X + CH = correlation portion of Sigma(E) at energy E=Eo.
  Sig = X + Cor = self energy, Sigma(E), at energy E=Eo.
 Eqp0 = on-shell QP energy = Emf - Vxc + Sig(Eo)
        Eqp0 is *not* the recommended quantity to use for QP properties.
 Eqp1 = off-shell solution to the linearized  Dyson`s equation
      = Eqp0 + (dSig/dE) / (1 - dSig/dE) * (Eqp0 - Eo),
        or a full linear interpolation if more freq. points where computed.
        Eqp1 is the recommended quantity to use for QP properties.
  Znk = quasiparticle renormalization factor

 General notes:
 - All energies are reported here in eV.
 - Both Emf and Vxc contain the average pot. Vxc0, so Vxc0 doesn`t affect Sigma.
 - Eqp1 and Eqp0 are Eqs. (36-37) from Hybertsen & Louie PRB 34 5390.
 - We recommend you use Eqp1 for QP properties of materials.

================================================================================


********************************************************************************
*                                                                              *
* Your calculation employed methods and algorithms published in peer-reviewed  *
* papers. Please, cite the following references to give proper credit to their *
*          authors and help support future development of BerkeleyGW.          *
*                                                                              *
********************************************************************************

 J. Deslippe, G. Samsonidze, D. A. Strubbe, M. Jain, M. L. Cohen, and S. G.
 Louie, BerkeleyGW: A Massively Parallel Computer Package for the Calculation
 of the Quasiparticle and Optical Properties of Materials and Nanostructures,
 Computer Physics Communications 183, 1269 (2012).

 M. S. Hybertsen and S. G. Louie, Electron Correlation in Semiconductors and
 Insulators: Band Gaps and Quasiparticle Energies, Phys. Rev. B 34, 5390
 (1986).

 B. A. Barker, and S. G. Louie, Electronic and Optical Properties of Solids
 with Strong Spin-Orbit Coupling, U. C. Berkeley PhD dissertation (2018).

********************************************************************************

 
 Timing information
 
                                CPU time (s)          WALL time (s)       Number
 Routine                       min        max        min        max     of calls
 -------------------------  ---------  ---------  ---------  ---------  --------
 - Input I/O                     0.00       0.03       0.00       0.01       125
 - Input Comm                    0.04       0.11       0.01       0.03       125
 - FFT Zero                      0.69       0.92       0.18       0.24      8880
 - FFT Put                       0.28       0.47       0.07       0.13      8880
 - FFT Plan                      0.79       1.23       0.20       0.35     16680
 - FFT Exec                      3.66       5.66       0.94       1.44     16680
 - FFT Mltply                    2.01       3.08       0.52       0.80      7800
 - FFT Conjg                     0.29       0.43       0.06       0.12      1080
 - FFT Get                       0.36       0.63       0.09       0.18      7800
 - INPUT                         0.44       0.48       0.12       0.12         1
 - EPSCOPY                       0.17       0.33       0.28       0.28         1
 - FULLBZ                        0.00       0.00       0.00       0.00         2
 - VXC                           0.00       0.01       0.02       0.02         8
 - SUBGRP                        0.29       0.32       0.07       0.08        64
 - IRRBZ                         0.00       0.00       0.00       0.00         4
 - GMAP                          0.04       0.04       0.01       0.01        32
 - GENWF                         0.28       0.33       0.07       0.09        32
 - MTXEL                         8.89      13.21       2.28       3.36       480
 - MTXEL_COR TOT                29.01      34.19       7.33       8.70       480
 - VCOUL                         0.01       0.01       0.00       0.01        32
 - EPSREAD                       0.10       1.59       0.03       0.40        32
 - INPUT_OUTER                   0.00       0.01       0.00       0.00         1
 - MTXEL COMM                    0.00       0.00       0.00       0.00        32
 - BARE X                        0.04       0.16       0.01       0.03       484
 - WF COMM                       0.01       0.24       0.01       0.06         4
 - INPUT (READ)                  0.06       0.12       0.02       0.03       124
 - INPUT (WRITE)                 0.00       0.05       0.00       0.02       120
 - SUB-TRANSF TOT                0.00       0.00       0.00       0.01       480
 - M.COR INIT                    0.01       0.01       0.00       0.01       480
 - M.COR EPSINIT                 9.51       9.89       2.38       2.51       480
 - M.COR COMM                    3.00       7.53       0.74       1.90      1920
 - M.COR SX+CH                  15.81      16.57       3.96       4.26     13920
 - READ NEPS                     0.01       0.04       0.01       0.01         1
 - EPSCOPY IO                    0.13       0.29       0.26       0.26         4
 - TOTAL                        45.52      47.50      12.17      12.19         1
 
 Job Done
 
